<?xml version="1.0" encoding="UTF-8"?>
<!-- Generated by org.testng.reporters.JUnitReportReporter -->
<testsuite hostname="DESKTOP-ICLD36V" failures="0" tests="1" name="Test_suite.Data_driven" time="1.478" errors="0" timestamp="2024-07-05T00:07:43 IST" skipped="0">
  <testcase classname="Test_suite.Data_driven" name="login" time="1.478"/>
  <system-out/>
</testsuite> <!-- Test_suite.Data_driven -->
