<?xml version="1.0" encoding="UTF-8"?>
<!-- Generated by org.testng.reporters.JUnitReportReporter -->
<testsuite hostname="DESKTOP-ICLD36V" failures="0" tests="1" name="Test_suite.dropdow" time="9.363" errors="0" timestamp="2024-07-04T22:51:50 IST" skipped="0">
  <testcase classname="Test_suite.dropdow" name="drdwn" time="9.363"/>
  <system-out/>
</testsuite> <!-- Test_suite.dropdow -->
