<?xml version="1.0" encoding="UTF-8"?>
<!-- Generated by org.testng.reporters.JUnitReportReporter -->
<testsuite hostname="DESKTOP-ICLD36V" failures="0" tests="1" name="Test_suite.file_upload" time="4.158" errors="0" timestamp="2024-07-04T23:17:55 IST" skipped="0">
  <testcase classname="Test_suite.file_upload" name="upload" time="4.158"/>
  <system-out/>
</testsuite> <!-- Test_suite.file_upload -->
